#
# There is insufficient memory for the Java Runtime Environment to continue.
# Native memory allocation (malloc) failed to allocate 1219920 bytes for Chunk::new
# Possible reasons:
#   The system is out of physical RAM or swap space
#   In 32 bit mode, the process size limit was hit
# Possible solutions:
#   Reduce memory load on the system
#   Increase physical memory or swap space
#   Check if swap backing store is full
#   Use 64 bit Java on a 64 bit OS
#   Decrease Java heap size (-Xmx/-Xms)
#   Decrease number of Java threads
#   Decrease Java thread stack sizes (-Xss)
#   Set larger code cache with -XX:ReservedCodeCacheSize=
# This output file may be truncated or incomplete.
#
#  Out of Memory Error (allocation.cpp:390), pid=15592, tid=0x0000000000003028
#
# JRE version: OpenJDK Runtime Environment (8.0_76-b03) (build 1.8.0_76-release-b03)
# Java VM: OpenJDK 64-Bit Server VM (25.76-b03 mixed mode windows-amd64 compressed oops)
# Failed to write core dump. Minidumps are not enabled by default on client versions of Windows
#

---------------  T H R E A D  ---------------

Current thread (0x0000000015cce000):  JavaThread "C2 CompilerThread1" daemon [_thread_in_native, id=12328, stack(0x0000000017410000,0x0000000017510000)]

Stack: [0x0000000017410000,0x0000000017510000]
[error occurred during error reporting (printing stack bounds), id 0xc0000005]

Native frames: (J=compiled Java code, j=interpreted, Vv=VM code, C=native code)


Current CompileTask:
C2:3445650 15542   !   4       java.beans.Introspector::getPublicDeclaredMethods (140 bytes)


---------------  P R O C E S S  ---------------

Java Threads: ( => current thread )
  0x000000001ccae800 JavaThread "Stdin handler" [_thread_blocked, id=5596, stack(0x0000000026040000,0x0000000026140000)]
  0x000000001cca6800 JavaThread "Asynchronous log dispatcher for org.gradle.launcher.daemon.server.DefaultDaemonConnection@3457e0c8" [_thread_blocked, id=5904, stack(0x0000000025f40000,0x0000000026040000)]
  0x000000001ccac800 JavaThread "Cancel handler" [_thread_blocked, id=16556, stack(0x0000000025e40000,0x0000000025f40000)]
  0x000000001cca8800 JavaThread "Handler for socket connection from /127.0.0.1:62680 to /127.0.0.1:51028" [_thread_in_native, id=2092, stack(0x0000000025d40000,0x0000000025e40000)]
  0x0000000017e68800 JavaThread "Daemon worker Thread 4" [_thread_in_Java, id=16652, stack(0x0000000025a40000,0x0000000025b40000)]
  0x0000000017e6b800 JavaThread "Daemon Thread 4" [_thread_blocked, id=16840, stack(0x0000000025740000,0x0000000025840000)]
  0x000000001ccb4800 JavaThread "pool-11-thread-2" [_thread_blocked, id=6832, stack(0x0000000024840000,0x0000000024940000)]
  0x000000001ccb0000 JavaThread "pool-11-thread-1" [_thread_blocked, id=6032, stack(0x0000000024740000,0x0000000024840000)]
  0x0000000017d0a000 JavaThread "File lock request listener" [_thread_in_native, id=8044, stack(0x000000001dab0000,0x000000001dbb0000)]
  0x000000001880a000 JavaThread "pool-1-thread-1" [_thread_blocked, id=14988, stack(0x0000000019bb0000,0x0000000019cb0000)]
  0x000000001880c800 JavaThread "Incoming local TCP Connector on port 62680" [_thread_in_native, id=11084, stack(0x0000000019780000,0x0000000019880000)]
  0x000000001762b000 JavaThread "Service Thread" daemon [_thread_blocked, id=11740, stack(0x0000000017a10000,0x0000000017b10000)]
  0x0000000015cd5000 JavaThread "C1 CompilerThread2" daemon [_thread_in_native, id=6112, stack(0x0000000017510000,0x0000000017610000)]
=>0x0000000015cce000 JavaThread "C2 CompilerThread1" daemon [_thread_in_native, id=12328, stack(0x0000000017410000,0x0000000017510000)]
  0x0000000015ccb800 JavaThread "C2 CompilerThread0" daemon [_thread_blocked, id=10004, stack(0x0000000017310000,0x0000000017410000)]
  0x0000000015cca000 JavaThread "Attach Listener" daemon [_thread_blocked, id=13084, stack(0x0000000017210000,0x0000000017310000)]
  0x0000000015cc9000 JavaThread "Signal Dispatcher" daemon [_thread_blocked, id=7420, stack(0x0000000017110000,0x0000000017210000)]
  0x000000000235b000 JavaThread "Finalizer" daemon [_thread_blocked, id=3388, stack(0x0000000016f20000,0x0000000017020000)]
  0x0000000002350000 JavaThread "Reference Handler" daemon [_thread_blocked, id=7544, stack(0x0000000016e20000,0x0000000016f20000)]
  0x0000000002260800 JavaThread "main" [_thread_blocked, id=5852, stack(0x0000000002100000,0x0000000002200000)]

Other Threads:
  0x0000000015c96800 VMThread [stack: 0x0000000016d20000,0x0000000016e20000] [id=13724]
  0x000000001762c800 WatcherThread [stack: 0x0000000017b10000,0x0000000017c10000] [id=9596]

VM state:not at safepoint (normal execution)

VM Mutex/Monitor currently owned by a thread: None

Heap:
 PSYoungGen      total 253952K, used 35981K [0x00000000e0000000, 0x00000000f1180000, 0x0000000100000000)
  eden space 227840K, 15% used [0x00000000e0000000,0x00000000e23237b0,0x00000000ede80000)
  from space 26112K, 0% used [0x00000000ede80000,0x00000000ede80000,0x00000000ef800000)
  to   space 26112K, 0% used [0x00000000ef800000,0x00000000ef800000,0x00000000f1180000)
 ParOldGen       total 98304K, used 51039K [0x00000000a0000000, 0x00000000a6000000, 0x00000000e0000000)
  object space 98304K, 51% used [0x00000000a0000000,0x00000000a31d7ed8,0x00000000a6000000)
 Metaspace       used 72896K, capacity 75814K, committed 76032K, reserved 1116160K
  class space    used 9370K, capacity 9935K, committed 9984K, reserved 1048576K

Card table byte_map: [0x0000000011720000,0x0000000011a30000] byte_map_base: 0x0000000011220000

Marking Bits: (ParMarkBitMap*) 0x000000006ccd9d00
 Begin Bits: [0x0000000012030000, 0x0000000013830000)
 End Bits:   [0x0000000013830000, 0x0000000015030000)

Polling page: 0x00000000020a0000

CodeCache: size=245760Kb used=44313Kb max_used=44321Kb free=201446Kb
 bounds [0x0000000002360000, 0x0000000004ef0000, 0x0000000011360000]
 total_blobs=13068 nmethods=12314 adapters=665
 compilation: enabled

Compilation events (10 events):
Event: 3444.297 Thread 0x0000000015cd5000 nmethod 15560 0x0000000004ea5d10 code [0x0000000004ea5ea0, 0x0000000004ea6138]
Event: 3444.383 Thread 0x0000000015ccb800 nmethod 15556 0x0000000004ed8490 code [0x0000000004ed8760, 0x0000000004edb690]
Event: 3444.384 Thread 0x0000000015ccb800 15558       4       org.apache.xerces.util.ParserConfigurationSettings::addRecognizedProperties (52 bytes)
Event: 3444.422 Thread 0x0000000015ccb800 nmethod 15558 0x0000000004ea3b50 code [0x0000000004ea3cc0, 0x0000000004ea4338]
Event: 3444.422 Thread 0x0000000015ccb800 15559       4       java.util.ServiceLoader::parseLine (245 bytes)
Event: 3444.644 Thread 0x0000000015ccb800 nmethod 15559 0x0000000004edda50 code [0x0000000004eddc60, 0x0000000004edf228]
Event: 3444.886 Thread 0x0000000015cd5000 15561       3       org.apache.xerces.impl.XMLScanner::normalizeWhitespace (50 bytes)
Event: 3444.887 Thread 0x0000000015cd5000 nmethod 15561 0x0000000004ea5750 code [0x0000000004ea58c0, 0x0000000004ea5b50]
Event: 3444.889 Thread 0x0000000015cd5000 15562       3       org.apache.xerces.parsers.XML11Configuration::addComponent (27 bytes)
Event: 3444.890 Thread 0x0000000015cd5000 nmethod 15562 0x0000000004ea4f10 code [0x0000000004ea50a0, 0x0000000004ea55c8]

GC Heap History (10 events):
Event: 2902.690 GC heap before
{Heap before GC invocations=28 (full 5):
 PSYoungGen      total 200192K, used 199921K [0x00000000e0000000, 0x00000000eff00000, 0x0000000100000000)
  eden space 183296K, 99% used [0x00000000e0000000,0x00000000eb2c2ba8,0x00000000eb300000)
  from space 16896K, 99% used [0x00000000ec900000,0x00000000ed979910,0x00000000ed980000)
  to   space 22528K, 0% used [0x00000000eb300000,0x00000000eb300000,0x00000000ec900000)
 ParOldGen       total 98304K, used 44348K [0x00000000a0000000, 0x00000000a6000000, 0x00000000e0000000)
  object space 98304K, 45% used [0x00000000a0000000,0x00000000a2b4f040,0x00000000a6000000)
 Metaspace       used 70816K, capacity 73022K, committed 74112K, reserved 1114112K
  class space    used 8987K, capacity 9375K, committed 9600K, reserved 1048576K
Event: 2902.861 GC heap after
Heap after GC invocations=28 (full 5):
 PSYoungGen      total 205824K, used 21922K [0x00000000e0000000, 0x00000000f1180000, 0x0000000100000000)
  eden space 183296K, 0% used [0x00000000e0000000,0x00000000e0000000,0x00000000eb300000)
  from space 22528K, 97% used [0x00000000eb300000,0x00000000ec868ac8,0x00000000ec900000)
  to   space 26112K, 0% used [0x00000000ef800000,0x00000000ef800000,0x00000000f1180000)
 ParOldGen       total 98304K, used 53778K [0x00000000a0000000, 0x00000000a6000000, 0x00000000e0000000)
  object space 98304K, 54% used [0x00000000a0000000,0x00000000a3484908,0x00000000a6000000)
 Metaspace       used 70816K, capacity 73022K, committed 74112K, reserved 1114112K
  class space    used 8987K, capacity 9375K, committed 9600K, reserved 1048576K
}
Event: 2903.319 GC heap before
{Heap before GC invocations=29 (full 5):
 PSYoungGen      total 205824K, used 59064K [0x00000000e0000000, 0x00000000f1180000, 0x0000000100000000)
  eden space 183296K, 20% used [0x00000000e0000000,0x00000000e2445900,0x00000000eb300000)
  from space 22528K, 97% used [0x00000000eb300000,0x00000000ec868ac8,0x00000000ec900000)
  to   space 26112K, 0% used [0x00000000ef800000,0x00000000ef800000,0x00000000f1180000)
 ParOldGen       total 98304K, used 53778K [0x00000000a0000000, 0x00000000a6000000, 0x00000000e0000000)
  object space 98304K, 54% used [0x00000000a0000000,0x00000000a3484908,0x00000000a6000000)
 Metaspace       used 70943K, capacity 73088K, committed 74112K, reserved 1114112K
  class space    used 9001K, capacity 9376K, committed 9600K, reserved 1048576K
Event: 2903.347 GC heap after
Heap after GC invocations=29 (full 5):
 PSYoungGen      total 253952K, used 224K [0x00000000e0000000, 0x00000000f1180000, 0x0000000100000000)
  eden space 227840K, 0% used [0x00000000e0000000,0x00000000e0000000,0x00000000ede80000)
  from space 26112K, 0% used [0x00000000ef800000,0x00000000ef838000,0x00000000f1180000)
  to   space 26112K, 0% used [0x00000000ede80000,0x00000000ede80000,0x00000000ef800000)
 ParOldGen       total 98304K, used 67438K [0x00000000a0000000, 0x00000000a6000000, 0x00000000e0000000)
  object space 98304K, 68% used [0x00000000a0000000,0x00000000a41db960,0x00000000a6000000)
 Metaspace       used 70943K, capacity 73088K, committed 74112K, reserved 1114112K
  class space    used 9001K, capacity 9376K, committed 9600K, reserved 1048576K
}
Event: 2903.371 GC heap before
{Heap before GC invocations=30 (full 6):
 PSYoungGen      total 253952K, used 224K [0x00000000e0000000, 0x00000000f1180000, 0x0000000100000000)
  eden space 227840K, 0% used [0x00000000e0000000,0x00000000e0000000,0x00000000ede80000)
  from space 26112K, 0% used [0x00000000ef800000,0x00000000ef838000,0x00000000f1180000)
  to   space 26112K, 0% used [0x00000000ede80000,0x00000000ede80000,0x00000000ef800000)
 ParOldGen       total 98304K, used 67438K [0x00000000a0000000, 0x00000000a6000000, 0x00000000e0000000)
  object space 98304K, 68% used [0x00000000a0000000,0x00000000a41db960,0x00000000a6000000)
 Metaspace       used 70943K, capacity 73088K, committed 74112K, reserved 1114112K
  class space    used 9001K, capacity 9376K, committed 9600K, reserved 1048576K
Event: 2904.060 GC heap after
Heap after GC invocations=30 (full 6):
 PSYoungGen      total 253952K, used 0K [0x00000000e0000000, 0x00000000f1180000, 0x0000000100000000)
  eden space 227840K, 0% used [0x00000000e0000000,0x00000000e0000000,0x00000000ede80000)
  from space 26112K, 0% used [0x00000000ef800000,0x00000000ef800000,0x00000000f1180000)
  to   space 26112K, 0% used [0x00000000ede80000,0x00000000ede80000,0x00000000ef800000)
 ParOldGen       total 98304K, used 38579K [0x00000000a0000000, 0x00000000a6000000, 0x00000000e0000000)
  object space 98304K, 39% used [0x00000000a0000000,0x00000000a25ace38,0x00000000a6000000)
 Metaspace       used 70937K, capacity 73072K, committed 74112K, reserved 1114112K
  class space    used 8999K, capacity 9372K, committed 9600K, reserved 1048576K
}
Event: 3422.409 GC heap before
{Heap before GC invocations=31 (full 6):
 PSYoungGen      total 253952K, used 184210K [0x00000000e0000000, 0x00000000f1180000, 0x0000000100000000)
  eden space 227840K, 80% used [0x00000000e0000000,0x00000000eb3e4ac0,0x00000000ede80000)
  from space 26112K, 0% used [0x00000000ef800000,0x00000000ef800000,0x00000000f1180000)
  to   space 26112K, 0% used [0x00000000ede80000,0x00000000ede80000,0x00000000ef800000)
 ParOldGen       total 98304K, used 38579K [0x00000000a0000000, 0x00000000a6000000, 0x00000000e0000000)
  object space 98304K, 39% used [0x00000000a0000000,0x00000000a25ace38,0x00000000a6000000)
 Metaspace       used 72831K, capacity 75696K, committed 75776K, reserved 1116160K
  class space    used 9359K, capacity 9922K, committed 9984K, reserved 1048576K
Event: 3423.116 GC heap after
Heap after GC invocations=31 (full 6):
 PSYoungGen      total 253952K, used 13024K [0x00000000e0000000, 0x00000000f1180000, 0x0000000100000000)
  eden space 227840K, 0% used [0x00000000e0000000,0x00000000e0000000,0x00000000ede80000)
  from space 26112K, 49% used [0x00000000ede80000,0x00000000eeb38380,0x00000000ef800000)
  to   space 26112K, 0% used [0x00000000ef800000,0x00000000ef800000,0x00000000f1180000)
 ParOldGen       total 98304K, used 38587K [0x00000000a0000000, 0x00000000a6000000, 0x00000000e0000000)
  object space 98304K, 39% used [0x00000000a0000000,0x00000000a25aee38,0x00000000a6000000)
 Metaspace       used 72831K, capacity 75696K, committed 75776K, reserved 1116160K
  class space    used 9359K, capacity 9922K, committed 9984K, reserved 1048576K
}
Event: 3423.117 GC heap before
{Heap before GC invocations=32 (full 7):
 PSYoungGen      total 253952K, used 13024K [0x00000000e0000000, 0x00000000f1180000, 0x0000000100000000)
  eden space 227840K, 0% used [0x00000000e0000000,0x00000000e0000000,0x00000000ede80000)
  from space 26112K, 49% used [0x00000000ede80000,0x00000000eeb38380,0x00000000ef800000)
  to   space 26112K, 0% used [0x00000000ef800000,0x00000000ef800000,0x00000000f1180000)
 ParOldGen       total 98304K, used 38587K [0x00000000a0000000, 0x00000000a6000000, 0x00000000e0000000)
  object space 98304K, 39% used [0x00000000a0000000,0x00000000a25aee38,0x00000000a6000000)
 Metaspace       used 72831K, capacity 75696K, committed 75776K, reserved 1116160K
  class space    used 9359K, capacity 9922K, committed 9984K, reserved 1048576K
Event: 3429.667 GC heap after
Heap after GC invocations=32 (full 7):
 PSYoungGen      total 253952K, used 0K [0x00000000e0000000, 0x00000000f1180000, 0x0000000100000000)
  eden space 227840K, 0% used [0x00000000e0000000,0x00000000e0000000,0x00000000ede80000)
  from space 26112K, 0% used [0x00000000ede80000,0x00000000ede80000,0x00000000ef800000)
  to   space 26112K, 0% used [0x00000000ef800000,0x00000000ef800000,0x00000000f1180000)
 ParOldGen       total 98304K, used 51039K [0x00000000a0000000, 0x00000000a6000000, 0x00000000e0000000)
  object space 98304K, 51% used [0x00000000a0000000,0x00000000a31d7ed8,0x00000000a6000000)
 Metaspace       used 72831K, capacity 75696K, committed 75776K, reserved 1116160K
  class space    used 9359K, capacity 9922K, committed 9984K, reserved 1048576K
}

Deoptimization events (10 events):
Event: 3405.190 Thread 0x0000000017e68800 Uncommon trap: reason=class_check action=maybe_recompile pc=0x0000000003532554 method=com.google.common.collect.AbstractMapBasedMultimap$WrappedCollection$WrappedIterator.hasNext()Z @ 8
Event: 3411.708 Thread 0x0000000017e68800 Uncommon trap: reason=unstable_if action=reinterpret pc=0x0000000004b6b55c method=java.util.concurrent.ConcurrentHashMap.clear()V @ 19
Event: 3412.042 Thread 0x0000000017e68800 Uncommon trap: reason=class_check action=maybe_recompile pc=0x000000000342b224 method=sun.misc.URLClassPath$1.next()Z @ 46
Event: 3412.893 Thread 0x0000000017e68800 Uncommon trap: reason=unstable_if action=reinterpret pc=0x00000000035cf640 method=java.lang.ref.SoftReference.get()Ljava/lang/Object; @ 6
Event: 3413.293 Thread 0x0000000017e68800 Uncommon trap: reason=unstable_if action=reinterpret pc=0x0000000002c6a908 method=java.lang.Class$MethodArray.addIfNotPresent(Ljava/lang/reflect/Method;)V @ 31
Event: 3416.301 Thread 0x0000000017e68800 Uncommon trap: reason=predicate action=maybe_recompile pc=0x00000000047a06b0 method=org.gradle.internal.serialize.AbstractCollectionSerializer.readValues(Lorg/gradle/internal/serialize/Decoder;Ljava/util/Collection;)V @ 16
Event: 3429.688 Thread 0x0000000017e6b800 Uncommon trap: reason=class_check action=maybe_recompile pc=0x00000000026a2a94 method=java.lang.reflect.Array.newInstance(Ljava/lang/Class;I)Ljava/lang/Object; @ 2
Event: 3429.688 Thread 0x0000000017e6b800 Uncommon trap: reason=class_check action=maybe_recompile pc=0x00000000026a2a94 method=java.lang.reflect.Array.newInstance(Ljava/lang/Class;I)Ljava/lang/Object; @ 2
Event: 3434.619 Thread 0x000000001880a000 Uncommon trap: reason=class_check action=maybe_recompile pc=0x00000000026a2a94 method=java.lang.reflect.Array.newInstance(Ljava/lang/Class;I)Ljava/lang/Object; @ 2
Event: 3434.619 Thread 0x000000001880a000 Uncommon trap: reason=class_check action=maybe_recompile pc=0x00000000026a2a94 method=java.lang.reflect.Array.newInstance(Ljava/lang/Class;I)Ljava/lang/Object; @ 2

Internal exceptions (10 events):
Event: 3421.313 Thread 0x0000000017e68800 Exception <a 'java/lang/ClassNotFoundException': com/google/common/collect/AbstractMapBasedMultimap$RandomAccessWrappedListCustomizer> (0x00000000ea9772d8) thrown at [C:\src\android\AOSP-openjdk\external\jetbrains\jdk\hotspot\src\share\vm\classfile\systemDgLÖ{¾ºª@
Event: 3421.372 Thread 0x0000000017e68800 Exception <a 'java/lang/ClassNotFoundException': org/jetbrains/plugins/gradle/model/DefaultExternalLibraryDependencyBeanInfo> (0x00000000eaa0a338) thrown at [C:\src\android\AOSP-openjdk\external\jetbrains\jdk\hotspot\src\share\vm\classfile\systemDictionary:1^Ê¾ºª@
Event: 3421.373 Thread 0x0000000017e68800 Exception <a 'java/lang/ClassNotFoundException': org/jetbrains/plugins/gradle/model/AbstractExternalDependencyBeanInfo> (0x00000000eaa17778) thrown at [C:\src\android\AOSP-openjdk\external\jetbrains\jdk\hotspot\src\share\vm\classfile\systemDictionary.cpp, Ô]Øù¾ºª@
Event: 3421.373 Thread 0x0000000017e68800 Exception <a 'java/lang/ClassNotFoundException': org/jetbrains/plugins/gradle/model/AbstractExternalDependencyCustomizer> (0x00000000eaa24b88) thrown at [C:\src\android\AOSP-openjdk\external\jetbrains\jdk\hotspot\src\share\vm\classfile\systemDictionary.cpp„qJK¿ºª@
Event: 3421.374 Thread 0x0000000017e68800 Exception <a 'java/lang/ClassNotFoundException': org/jetbrains/plugins/gradle/model/DefaultExternalLibraryDependencyCustomizer> (0x00000000eaa4f050) thrown at [C:\src\android\AOSP-openjdk\external\jetbrains\jdk\hotspot\src\share\vm\classfile\systemDictiona|yècËª@
Event: 3429.695 Thread 0x0000000017e6b800 Exception <a 'java/lang/NoSuchMethodError': <clinit>> (0x00000000e00e67e0) thrown at [C:\src\android\AOSP-openjdk\external\jetbrains\jdk\hotspot\src\share\vm\prims\jni.cpp, line 1591]
Event: 3429.700 Thread 0x0000000017e6b800 Exception <a 'java/lang/NoSuchMethodError': <clinit>> (0x00000000e0102320) thrown at [C:\src\android\AOSP-openjdk\external\jetbrains\jdk\hotspot\src\share\vm\prims\jni.cpp, line 1591]
Event: 3429.701 Thread 0x0000000017e6b800 Exception <a 'java/lang/NoSuchMethodError': <clinit>> (0x00000000e010e410) thrown at [C:\src\android\AOSP-openjdk\external\jetbrains\jdk\hotspot\src\share\vm\prims\jni.cpp, line 1591]
Event: 3442.757 Thread 0x0000000017e68800 Exception <a 'java/lang/ClassNotFoundException': asLocalRepo964_6ppjz7jzxmfwdmhf9pk0f3kl6BeanInfo> (0x00000000e051a008) thrown at [C:\src\android\AOSP-openjdk\external\jetbrains\jdk\hotspot\src\share\vm\classfile\systemDictionary.cpp, line 210]
Event: 3442.758 Thread 0x0000000017e68800 Exception <a 'java/lang/ClassNotFoundException': asLocalRepo964_6ppjz7jzxmfwdmhf9pk0f3kl6Customizer> (0x00000000e0523c50) thrown at [C:\src\android\AOSP-openjdk\external\jetbrains\jdk\hotspot\src\share\vm\classfile\systemDictionary.cpp, line 210]

Events (10 events):
Event: 3444.048 loading class groovy/runtime/metaclass/asLocalRepo964_6ppjz7jzxmfwdmhf9pk0f3kl6$_run_closure1$_closure2$_closure4$_closure5MetaClass
Event: 3444.048 loading class groovy/runtime/metaclass/asLocalRepo964_6ppjz7jzxmfwdmhf9pk0f3kl6$_run_closure1$_closure2$_closure4$_closure5MetaClass done
Event: 3444.050 loading class asLocalRepo964_6ppjz7jzxmfwdmhf9pk0f3kl6$_run_closure1$_closure3
Event: 3444.050 loading class asLocalRepo964_6ppjz7jzxmfwdmhf9pk0f3kl6$_run_closure1$_closure3 done
Event: 3444.052 loading class groovy/runtime/metaclass/asLocalRepo964_6ppjz7jzxmfwdmhf9pk0f3kl6$_run_closure1$_closure3MetaClass
Event: 3444.052 loading class groovy/runtime/metaclass/asLocalRepo964_6ppjz7jzxmfwdmhf9pk0f3kl6$_run_closure1$_closure3MetaClass done
Event: 3444.052 loading class asLocalRepo964_6ppjz7jzxmfwdmhf9pk0f3kl6$_run_closure1$_closure3$_closure6
Event: 3444.052 loading class asLocalRepo964_6ppjz7jzxmfwdmhf9pk0f3kl6$_run_closure1$_closure3$_closure6 done
Event: 3444.054 loading class groovy/runtime/metaclass/asLocalRepo964_6ppjz7jzxmfwdmhf9pk0f3kl6$_run_closure1$_closure3$_closure6MetaClass
Event: 3444.054 loading class groovy/runtime/metaclass/asLocalRepo964_6ppjz7jzxmfwdmhf9pk0f3kl6$_run_closure1$_closure3$_closure6MetaClass done


Dynamic libraries:
0x00007ff74f790000 - 0x00007ff74f7c1000 	D:\Program files\Android\Android Studio\jre\bin\java.exe
0x00007ffa4e640000 - 0x00007ffa4e811000 	C:\WINDOWS\SYSTEM32\ntdll.dll
0x00007ffa4bc00000 - 0x00007ffa4bcab000 	C:\WINDOWS\System32\KERNEL32.DLL
0x00007ffa4b6f0000 - 0x00007ffa4b90d000 	C:\WINDOWS\System32\KERNELBASE.dll
0x00007ffa4c310000 - 0x00007ffa4c3b2000 	C:\WINDOWS\System32\ADVAPI32.dll
0x00007ffa4dce0000 - 0x00007ffa4dd7e000 	C:\WINDOWS\System32\msvcrt.dll
0x00007ffa4e0f0000 - 0x00007ffa4e149000 	C:\WINDOWS\System32\sechost.dll
0x00007ffa4c1e0000 - 0x00007ffa4c301000 	C:\WINDOWS\System32\RPCRT4.dll
0x00007ffa4df80000 - 0x00007ffa4e0e5000 	C:\WINDOWS\System32\USER32.dll
0x00007ffa4ae00000 - 0x00007ffa4ae1e000 	C:\WINDOWS\System32\win32u.dll
0x00007ffa4e480000 - 0x00007ffa4e4b4000 	C:\WINDOWS\System32\GDI32.dll
0x00007ffa4b560000 - 0x00007ffa4b6e2000 	C:\WINDOWS\System32\gdi32full.dll
0x00007ffa465f0000 - 0x00007ffa46869000 	C:\WINDOWS\WinSxS\amd64_microsoft.windows.common-controls_6595b64144ccf1df_6.0.14393.447_none_42191651c6827bb3\COMCTL32.dll
0x00007ffa4e150000 - 0x00007ffa4e418000 	C:\WINDOWS\System32\combase.dll
0x00007ffa4ab30000 - 0x00007ffa4ac25000 	C:\WINDOWS\System32\ucrtbase.dll
0x00007ffa4b9c0000 - 0x00007ffa4ba2a000 	C:\WINDOWS\System32\bcryptPrimitives.dll
0x00007ffa4e610000 - 0x00007ffa4e63e000 	C:\WINDOWS\System32\IMM32.DLL
0x000000006c3c0000 - 0x000000006c492000 	D:\Program files\Android\Android Studio\jre\jre\bin\msvcr100.dll
0x000000006c520000 - 0x000000006cd54000 	D:\Program files\Android\Android Studio\jre\jre\bin\server\jvm.dll
0x00007ffa4bbf0000 - 0x00007ffa4bbf8000 	C:\WINDOWS\System32\PSAPI.DLL
0x00007ffa3f820000 - 0x00007ffa3f829000 	C:\WINDOWS\SYSTEM32\WSOCK32.dll
0x00007ffa48df0000 - 0x00007ffa48e13000 	C:\WINDOWS\SYSTEM32\WINMM.dll
0x00007ffa4dbd0000 - 0x00007ffa4dc3a000 	C:\WINDOWS\System32\WS2_32.dll
0x00007ffa46c70000 - 0x00007ffa46c7a000 	C:\WINDOWS\SYSTEM32\VERSION.dll
0x00007ffa48d90000 - 0x00007ffa48dbb000 	C:\WINDOWS\SYSTEM32\WINMMBASE.dll
0x00007ffa4bb80000 - 0x00007ffa4bbc2000 	C:\WINDOWS\System32\cfgmgr32.dll
0x00007ffa48dd0000 - 0x00007ffa48ddf000 	D:\Program files\Android\Android Studio\jre\jre\bin\verify.dll
0x00007ffa38780000 - 0x00007ffa387a9000 	D:\Program files\Android\Android Studio\jre\jre\bin\java.dll
0x00007ffa484d0000 - 0x00007ffa484e6000 	D:\Program files\Android\Android Studio\jre\jre\bin\zip.dll
0x00007ffa4c520000 - 0x00007ffa4da29000 	C:\WINDOWS\System32\SHELL32.dll
0x00007ffa4ae80000 - 0x00007ffa4b55a000 	C:\WINDOWS\System32\windows.storage.dll
0x00007ffa4aac0000 - 0x00007ffa4ab0c000 	C:\WINDOWS\System32\powrprof.dll
0x00007ffa4df20000 - 0x00007ffa4df72000 	C:\WINDOWS\System32\shlwapi.dll
0x00007ffa4ab10000 - 0x00007ffa4ab1f000 	C:\WINDOWS\System32\kernel.appcore.dll
0x00007ffa4b910000 - 0x00007ffa4b9b9000 	C:\WINDOWS\System32\shcore.dll
0x00007ffa4aaa0000 - 0x00007ffa4aab4000 	C:\WINDOWS\System32\profapi.dll
0x00007ffa439a0000 - 0x00007ffa439ba000 	D:\Program files\Android\Android Studio\jre\jre\bin\net.dll
0x00007ffa4a370000 - 0x00007ffa4a3cc000 	C:\WINDOWS\system32\mswsock.dll
0x00007ffa374a0000 - 0x00007ffa374b1000 	D:\Program files\Android\Android Studio\jre\jre\bin\nio.dll
0x00007ffa43ae0000 - 0x00007ffa43af2000 	C:\Users\Pallavi Rana\.gradle\native\19\windows-amd64\native-platform.dll
0x00007ffa4a510000 - 0x00007ffa4a527000 	C:\WINDOWS\SYSTEM32\CRYPTSP.dll
0x00007ffa49f80000 - 0x00007ffa49fb3000 	C:\WINDOWS\system32\rsaenh.dll
0x00007ffa4a9e0000 - 0x00007ffa4aa0b000 	C:\WINDOWS\SYSTEM32\bcrypt.dll
0x00007ffa4a1f0000 - 0x00007ffa4a20f000 	C:\WINDOWS\SYSTEM32\USERENV.dll
0x00007ffa4a530000 - 0x00007ffa4a53b000 	C:\WINDOWS\SYSTEM32\CRYPTBASE.dll
0x00007ffa4a100000 - 0x00007ffa4a138000 	C:\WINDOWS\SYSTEM32\IPHLPAPI.DLL
0x00007ffa4e5f0000 - 0x00007ffa4e5f8000 	C:\WINDOWS\System32\NSI.dll
0x00007ffa41150000 - 0x00007ffa41166000 	C:\WINDOWS\SYSTEM32\dhcpcsvc6.DLL
0x00007ffa43d50000 - 0x00007ffa43d6a000 	C:\WINDOWS\SYSTEM32\dhcpcsvc.DLL
0x00007ffa45c10000 - 0x00007ffa45c1d000 	D:\Program files\Android\Android Studio\jre\jre\bin\management.dll

VM Arguments:
jvm_args: -Xmx1536m -Dfile.encoding=windows-1252 -Duser.country=US -Duser.language=en -Duser.variant 
java_command: org.gradle.launcher.daemon.bootstrap.GradleDaemon 2.14.1
java_class_path (initial): D:\Program files\Android\Android Studio\gradle\gradle-2.14.1\lib\gradle-launcher-2.14.1.jar
Launcher Type: SUN_STANDARD

Environment Variables:
JAVA_HOME=D:\Program files\Java
PATH=C:\ProgramData\Oracle\Java\javapath;C:\WINDOWS\system32;C:\WINDOWS;C:\WINDOWS\System32\Wbem;C:\WINDOWS\System32\WindowsPowerShell\v1.0\;C:\Xilinx91i\bin\nt64;C:\Program Files (x86)\Common Files\lenovo\easyplussdk\bin;C:\Program Files (x86)\Windows Live\Shared;C:\WINDOWS\system32\config\systemprofile\.dnx\bin;C:\Program Files\Microsoft DNX\Dnvm\;C:\Program Files\Microsoft SQL Server\130\Tools\Binn\;D:\Program files\Brackets\command;C:\Users\Pallavi Rana\AppData\Local\Microsoft\WindowsApps;
USERNAME=Pallavi Rana
OS=Windows_NT
PROCESSOR_IDENTIFIER=Intel64 Family 6 Model 69 Stepping 1, GenuineIntel



---------------  S Y S T E M  ---------------

OS: Windows 10.0 , 64 bit Build 14393 (10.0.14393.0)

CPU:total 4 (2 cores per cpu, 2 threads per core) family 6 model 69 stepping 1, cmov, cx8, fxsr, mmx, sse, sse2, sse3, ssse3, sse4.1, sse4.2, popcnt, avx, avx2, aes, clmul, erms, lzcnt, ht, tsc, tscinvbit, bmi1, bmi2

Memory: 4k page, physical 4129068k(302764k free), swap 5562668k(8928k free)

vm_info: OpenJDK 64-Bit Server VM (25.76-b03) for windows-amd64 JRE (1.8.0_76-release-b03), built on Jun 29 2016 19:09:20 by "ralucas" with MS VC++ 10.0 (VS2010)

time: Sat Jan 28 16:59:00 2017
elapsed time: 3445 seconds (0d 0h 57m 25s)

